# JRE version: OpenJDK Runtime Environment (8.0_252-b09) (build 1.8.0_252-8u252-b09-1~18.04-b09)
# Java VM: OpenJDK 64-Bit Server VM (25.252-b09 mixed mode linux-amd64 compressed oops)
Heap:
 PSYoungGen      total 110592K, used 6646K [0x00000000eab00000, 0x00000000f2200000, 0x0000000100000000)
  eden space 103936K, 0% used [0x00000000eab00000,0x00000000eab00000,0x00000000f1080000)
  from space 6656K, 99% used [0x00000000f1500000,0x00000000f1b7da00,0x00000000f1b80000)
  to   space 5632K, 0% used [0x00000000f1c80000,0x00000000f1c80000,0x00000000f2200000)
 ParOldGen       total 20480K, used 13135K [0x00000000c0000000, 0x00000000c1400000, 0x00000000eab00000)
  object space 20480K, 64% used [0x00000000c0000000,0x00000000c0cd3d48,0x00000000c1400000)
 Metaspace       used 34841K, capacity 35070K, committed 35416K, reserved 1079296K
  class space    used 4837K, capacity 4919K, committed 4992K, reserved 1048576K
GC Heap History (10 events):
Event: 3.069 GC heap after
Heap after GC invocations=7 (full 0):
 PSYoungGen      total 37888K, used 3054K [0x00000000eab00000, 0x00000000ef700000, 0x0000000100000000)
  eden space 34816K, 0% used [0x00000000eab00000,0x00000000eab00000,0x00000000ecd00000)
  from space 3072K, 99% used [0x00000000ecd00000,0x00000000ecffbbc0,0x00000000ed000000)
  to   space 4096K, 0% used [0x00000000ef300000,0x00000000ef300000,0x00000000ef700000)
 ParOldGen       total 22016K, used 6601K [0x00000000c0000000, 0x00000000c1580000, 0x00000000eab00000)
  object space 22016K, 29% used [0x00000000c0000000,0x00000000c06725f8,0x00000000c1580000)
 Metaspace       used 15614K, capacity 15730K, committed 16128K, reserved 1062912K
  class space    used 2210K, capacity 2261K, committed 2304K, reserved 1048576K
}
Event: 3.741 GC heap before
{Heap before GC invocations=8 (full 0):
 PSYoungGen      total 37888K, used 37870K [0x00000000eab00000, 0x00000000ef700000, 0x0000000100000000)
  eden space 34816K, 100% used [0x00000000eab00000,0x00000000ecd00000,0x00000000ecd00000)
  from space 3072K, 99% used [0x00000000ecd00000,0x00000000ecffbbc0,0x00000000ed000000)
  to   space 4096K, 0% used [0x00000000ef300000,0x00000000ef300000,0x00000000ef700000)
 ParOldGen       total 22016K, used 6601K [0x00000000c0000000, 0x00000000c1580000, 0x00000000eab00000)
  object space 22016K, 29% used [0x00000000c0000000,0x00000000c06725f8,0x00000000c1580000)
 Metaspace       used 17881K, capacity 18108K, committed 18304K, reserved 1064960K
  class space    used 2516K, capacity 2600K, committed 2688K, reserved 1048576K
Event: 3.755 GC heap after
Heap after GC invocations=8 (full 0):
 PSYoungGen      total 73216K, used 3656K [0x00000000eab00000, 0x00000000ef800000, 0x0000000100000000)
  eden space 69120K, 0% used [0x00000000eab00000,0x00000000eab00000,0x00000000eee80000)
  from space 4096K, 89% used [0x00000000ef300000,0x00000000ef6921b0,0x00000000ef700000)
  to   space 4608K, 0% used [0x00000000eee80000,0x00000000eee80000,0x00000000ef300000)
 ParOldGen       total 22016K, used 6737K [0x00000000c0000000, 0x00000000c1580000, 0x00000000eab00000)
  object space 22016K, 30% used [0x00000000c0000000,0x00000000c0694610,0x00000000c1580000)
 Metaspace       used 17881K, capacity 18108K, committed 18304K, reserved 1064960K
  class space    used 2516K, capacity 2600K, committed 2688K, reserved 1048576K
}
Event: 4.403 GC heap before
{Heap before GC invocations=9 (full 0):
 PSYoungGen      total 73216K, used 48326K [0x00000000eab00000, 0x00000000ef800000, 0x0000000100000000)
  eden space 69120K, 64% used [0x00000000eab00000,0x00000000ed69f7f8,0x00000000eee80000)
  from space 4096K, 89% used [0x00000000ef300000,0x00000000ef6921b0,0x00000000ef700000)
  to   space 4608K, 0% used [0x00000000eee80000,0x00000000eee80000,0x00000000ef300000)
 ParOldGen       total 22016K, used 6737K [0x00000000c0000000, 0x00000000c1580000, 0x00000000eab00000)
  object space 22016K, 30% used [0x00000000c0000000,0x00000000c0694610,0x00000000c1580000)
 Metaspace       used 20947K, capacity 21116K, committed 21248K, reserved 1067008K
  class space    used 2962K, capacity 3048K, committed 3072K, reserved 1048576K
Event: 4.410 GC heap after
Heap after GC invocations=9 (full 0):
 PSYoungGen      total 73728K, used 4582K [0x00000000eab00000, 0x00000000f2200000, 0x0000000100000000)
  eden space 69120K, 0% used [0x00000000eab00000,0x00000000eab00000,0x00000000eee80000)
  from space 4608K, 99% used [0x00000000eee80000,0x00000000ef2f9828,0x00000000ef300000)
  to   space 5632K, 0% used [0x00000000f1c80000,0x00000000f1c80000,0x00000000f2200000)
 ParOldGen       total 22016K, used 7296K [0x00000000c0000000, 0x00000000c1580000, 0x00000000eab00000)
  object space 22016K, 33% used [0x00000000c0000000,0x00000000c0720088,0x00000000c1580000)
 Metaspace       used 20947K, capacity 21116K, committed 21248K, reserved 1067008K
  class space    used 2962K, capacity 3048K, committed 3072K, reserved 1048576K
}
Event: 4.410 GC heap before
{Heap before GC invocations=10 (full 1):
 PSYoungGen      total 73728K, used 4582K [0x00000000eab00000, 0x00000000f2200000, 0x0000000100000000)
  eden space 69120K, 0% used [0x00000000eab00000,0x00000000eab00000,0x00000000eee80000)
  from space 4608K, 99% used [0x00000000eee80000,0x00000000ef2f9828,0x00000000ef300000)
  to   space 5632K, 0% used [0x00000000f1c80000,0x00000000f1c80000,0x00000000f2200000)
 ParOldGen       total 22016K, used 7296K [0x00000000c0000000, 0x00000000c1580000, 0x00000000eab00000)
  object space 22016K, 33% used [0x00000000c0000000,0x00000000c0720088,0x00000000c1580000)
 Metaspace       used 20947K, capacity 21116K, committed 21248K, reserved 1067008K
  class space    used 2962K, capacity 3048K, committed 3072K, reserved 1048576K
Event: 4.433 GC heap after
Heap after GC invocations=10 (full 1):
 PSYoungGen      total 73728K, used 0K [0x00000000eab00000, 0x00000000f2200000, 0x0000000100000000)
  eden space 69120K, 0% used [0x00000000eab00000,0x00000000eab00000,0x00000000eee80000)
  from space 4608K, 0% used [0x00000000eee80000,0x00000000eee80000,0x00000000ef300000)
  to   space 5632K, 0% used [0x00000000f1c80000,0x00000000f1c80000,0x00000000f2200000)
 ParOldGen       total 20480K, used 7426K [0x00000000c0000000, 0x00000000c1400000, 0x00000000eab00000)
  object space 20480K, 36% used [0x00000000c0000000,0x00000000c07408d8,0x00000000c1400000)
 Metaspace       used 20947K, capacity 21116K, committed 21248K, reserved 1067008K
  class space    used 2962K, capacity 3048K, committed 3072K, reserved 1048576K
}
Event: 10.127 GC heap before
{Heap before GC invocations=11 (full 1):
 PSYoungGen      total 73728K, used 69120K [0x00000000eab00000, 0x00000000f2200000, 0x0000000100000000)
  eden space 69120K, 100% used [0x00000000eab00000,0x00000000eee80000,0x00000000eee80000)
  from space 4608K, 0% used [0x00000000eee80000,0x00000000eee80000,0x00000000ef300000)
  to   space 5632K, 0% used [0x00000000f1c80000,0x00000000f1c80000,0x00000000f2200000)
 ParOldGen       total 20480K, used 7426K [0x00000000c0000000, 0x00000000c1400000, 0x00000000eab00000)
  object space 20480K, 36% used [0x00000000c0000000,0x00000000c07408d8,0x00000000c1400000)
 Metaspace       used 28054K, capacity 28304K, committed 28672K, reserved 1073152K
  class space    used 3977K, capacity 4052K, committed 4096K, reserved 1048576K
Event: 10.525 GC heap after
Heap after GC invocations=11 (full 1):
 PSYoungGen      total 109568K, used 5600K [0x00000000eab00000, 0x00000000f2200000, 0x0000000100000000)
  eden space 103936K, 0% used [0x00000000eab00000,0x00000000eab00000,0x00000000f1080000)
  from space 5632K, 99% used [0x00000000f1c80000,0x00000000f21f8320,0x00000000f2200000)
  to   space 6656K, 0% used [0x00000000f1500000,0x00000000f1500000,0x00000000f1b80000)
 ParOldGen       total 20480K, used 8842K [0x00000000c0000000, 0x00000000c1400000, 0x00000000eab00000)
  object space 20480K, 43% used [0x00000000c0000000,0x00000000c08a2a98,0x00000000c1400000)
 Metaspace       used 28054K, capacity 28304K, committed 28672K, reserved 1073152K
  class space    used 3977K, capacity 4052K, committed 4096K, reserved 1048576K
}
Event: 34.383 GC heap before
{Heap before GC invocations=12 (full 1):
 PSYoungGen      total 109568K, used 71475K [0x00000000eab00000, 0x00000000f2200000, 0x0000000100000000)
  eden space 103936K, 63% used [0x00000000eab00000,0x00000000eeb54b20,0x00000000f1080000)
  from space 5632K, 99% used [0x00000000f1c80000,0x00000000f21f8320,0x00000000f2200000)
  to   space 6656K, 0% used [0x00000000f1500000,0x00000000f1500000,0x00000000f1b80000)
 ParOldGen       total 20480K, used 8842K [0x00000000c0000000, 0x00000000c1400000, 0x00000000eab00000)
  object space 20480K, 43% used [0x00000000c0000000,0x00000000c08a2a98,0x00000000c1400000)
 Metaspace       used 34841K, capacity 35070K, committed 35416K, reserved 1079296K
  class space    used 4837K, capacity 4919K, committed 4992K, reserved 1048576K

